<?xml version="1.0" encoding="UTF-8"?>
<!-- Generated by org.testng.reporters.JUnitXMLReporter -->
<testsuite hostname="valentyna" ignored="1" name="Critical Functionalities" tests="7" failures="0" timestamp="2023-01-24T13:42:32 CST" time="26.069" errors="0">
  <testcase name="validateLoginForm" time="0.243" classname="scripts.TGLoginFormTest"/>
  <testcase name="validateTechGlobalLoginFormCardValidLogin" time="0.313" classname="scripts.TGLoginFormTest"/>
  <testcase name="validateTechGlobalLoginFormCardValidLoginAndLogOut" time="0.326" classname="scripts.TGLoginFormTest"/>
  <testcase name="validateLoginFormForgotPassword" time="0.32" classname="scripts.TGLoginFormTest"/>
  <testcase name="validateLoginFormResetPasswordLink" time="0.298" classname="scripts.TGLoginFormTest"/>
  <testcase name="validateLoginFormWithWrongUN" time="0.294" classname="scripts.TGLoginFormTest"/>
  <testcase name="validateLoginFormInvalidLoginWrongPassword" time="0.284" classname="scripts.TGLoginFormTest"/>
  <testcase name="validateLoginFormWithBothWrongCredentials" time="0.0" classname="scripts.TGLoginFormTest">
    <ignored/>
  </testcase> <!-- validateLoginFormWithBothWrongCredentials -->
</testsuite> <!-- Critical Functionalities -->
