<?xml version="1.0" encoding="UTF-8"?>
<!-- Generated by org.testng.reporters.JUnitXMLReporter -->
<testsuite hostname="valentyna" ignored="0" name="Command line test" tests="8" failures="0" timestamp="2023-01-24T13:40:42 CST" time="31.49" errors="0">
  <testcase name="validateLoginForm" time="0.27" classname="scripts.TGLoginFormTest"/>
  <testcase name="validateTechGlobalLoginFormCardValidLogin" time="0.293" classname="scripts.TGLoginFormTest"/>
  <testcase name="validateTechGlobalLoginFormCardValidLoginAndLogOut" time="0.321" classname="scripts.TGLoginFormTest"/>
  <testcase name="validateLoginFormForgotPassword" time="0.237" classname="scripts.TGLoginFormTest"/>
  <testcase name="validateLoginFormResetPasswordLink" time="0.278" classname="scripts.TGLoginFormTest"/>
  <testcase name="validateLoginFormWithWrongUN" time="0.279" classname="scripts.TGLoginFormTest"/>
  <testcase name="validateLoginFormInvalidLoginWrongPassword" time="0.268" classname="scripts.TGLoginFormTest"/>
  <testcase name="validateLoginFormWithBothWrongCredentials" time="0.252" classname="scripts.TGLoginFormTest"/>
</testsuite> <!-- Command line test -->
